# JRE version: OpenJDK Runtime Environment (8.0_212) (build 1.8.0_212-release-1586-b4-5784211)
# Java VM: OpenJDK 64-Bit Server VM (25.212-b4-5784211 mixed mode linux-amd64 compressed oops)
Heap:
 PSYoungGen      total 442368K, used 22580K [0x00000000e0000000, 0x00000000fdc00000, 0x0000000100000000)
  eden space 398848K, 0% used [0x00000000e0000000,0x00000000e0000000,0x00000000f8580000)
  from space 43520K, 51% used [0x00000000f8580000,0x00000000f9b8d0d0,0x00000000fb000000)
  to   space 44032K, 0% used [0x00000000fb000000,0x00000000fb000000,0x00000000fdb00000)
 ParOldGen       total 148992K, used 87710K [0x00000000a0000000, 0x00000000a9180000, 0x00000000e0000000)
  object space 148992K, 58% used [0x00000000a0000000,0x00000000a55a7998,0x00000000a9180000)
 Metaspace       used 134535K, capacity 139218K, committed 139520K, reserved 1171456K
  class space    used 17046K, capacity 18066K, committed 18176K, reserved 1048576K
GC Heap History (10 events):
Event: 289.860 GC heap after
Heap after GC invocations=26 (full 4):
 PSYoungGen      total 327680K, used 24055K [0x00000000e0000000, 0x00000000f6e00000, 0x0000000100000000)
  eden space 285696K, 0% used [0x00000000e0000000,0x00000000e0000000,0x00000000f1700000)
  from space 41984K, 57% used [0x00000000f3f80000,0x00000000f56fdc70,0x00000000f6880000)
  to   space 41472K, 0% used [0x00000000f1700000,0x00000000f1700000,0x00000000f3f80000)
 ParOldGen       total 148992K, used 75033K [0x00000000a0000000, 0x00000000a9180000, 0x00000000e0000000)
  object space 148992K, 50% used [0x00000000a0000000,0x00000000a49466d8,0x00000000a9180000)
 Metaspace       used 132811K, capacity 137238K, committed 137472K, reserved 1169408K
  class space    used 16924K, capacity 17886K, committed 17920K, reserved 1048576K
}
Event: 291.217 GC heap before
{Heap before GC invocations=27 (full 4):
 PSYoungGen      total 327680K, used 309751K [0x00000000e0000000, 0x00000000f6e00000, 0x0000000100000000)
  eden space 285696K, 100% used [0x00000000e0000000,0x00000000f1700000,0x00000000f1700000)
  from space 41984K, 57% used [0x00000000f3f80000,0x00000000f56fdc70,0x00000000f6880000)
  to   space 41472K, 0% used [0x00000000f1700000,0x00000000f1700000,0x00000000f3f80000)
 ParOldGen       total 148992K, used 75033K [0x00000000a0000000, 0x00000000a9180000, 0x00000000e0000000)
  object space 148992K, 50% used [0x00000000a0000000,0x00000000a49466d8,0x00000000a9180000)
 Metaspace       used 133088K, capacity 137528K, committed 137728K, reserved 1169408K
  class space    used 16927K, capacity 17891K, committed 17920K, reserved 1048576K
Event: 291.248 GC heap after
Heap after GC invocations=27 (full 4):
 PSYoungGen      total 327168K, used 23946K [0x00000000e0000000, 0x00000000f9a80000, 0x0000000100000000)
  eden space 285696K, 0% used [0x00000000e0000000,0x00000000e0000000,0x00000000f1700000)
  from space 41472K, 57% used [0x00000000f1700000,0x00000000f2e629b8,0x00000000f3f80000)
  to   space 41472K, 0% used [0x00000000f7200000,0x00000000f7200000,0x00000000f9a80000)
 ParOldGen       total 148992K, used 75041K [0x00000000a0000000, 0x00000000a9180000, 0x00000000e0000000)
  object space 148992K, 50% used [0x00000000a0000000,0x00000000a49486d8,0x00000000a9180000)
 Metaspace       used 133088K, capacity 137528K, committed 137728K, reserved 1169408K
  class space    used 16927K, capacity 17891K, committed 17920K, reserved 1048576K
}
Event: 292.340 GC heap before
{Heap before GC invocations=28 (full 4):
 PSYoungGen      total 327168K, used 309642K [0x00000000e0000000, 0x00000000f9a80000, 0x0000000100000000)
  eden space 285696K, 100% used [0x00000000e0000000,0x00000000f1700000,0x00000000f1700000)
  from space 41472K, 57% used [0x00000000f1700000,0x00000000f2e629b8,0x00000000f3f80000)
  to   space 41472K, 0% used [0x00000000f7200000,0x00000000f7200000,0x00000000f9a80000)
 ParOldGen       total 148992K, used 75041K [0x00000000a0000000, 0x00000000a9180000, 0x00000000e0000000)
  object space 148992K, 50% used [0x00000000a0000000,0x00000000a49486d8,0x00000000a9180000)
 Metaspace       used 133251K, capacity 137674K, committed 137728K, reserved 1169408K
  class space    used 16928K, capacity 17892K, committed 17920K, reserved 1048576K
Event: 292.436 GC heap after
Heap after GC invocations=28 (full 4):
 PSYoungGen      total 376832K, used 31008K [0x00000000e0000000, 0x00000000fb180000, 0x0000000100000000)
  eden space 335360K, 0% used [0x00000000e0000000,0x00000000e0000000,0x00000000f4780000)
  from space 41472K, 74% used [0x00000000f7200000,0x00000000f9048360,0x00000000f9a80000)
  to   space 43520K, 0% used [0x00000000f4780000,0x00000000f4780000,0x00000000f7200000)
 ParOldGen       total 148992K, used 75041K [0x00000000a0000000, 0x00000000a9180000, 0x00000000e0000000)
  object space 148992K, 50% used [0x00000000a0000000,0x00000000a49486d8,0x00000000a9180000)
 Metaspace       used 133251K, capacity 137674K, committed 137728K, reserved 1169408K
  class space    used 16928K, capacity 17892K, committed 17920K, reserved 1048576K
}
Event: 293.964 GC heap before
{Heap before GC invocations=29 (full 4):
 PSYoungGen      total 376832K, used 366368K [0x00000000e0000000, 0x00000000fb180000, 0x0000000100000000)
  eden space 335360K, 100% used [0x00000000e0000000,0x00000000f4780000,0x00000000f4780000)
  from space 41472K, 74% used [0x00000000f7200000,0x00000000f9048360,0x00000000f9a80000)
  to   space 43520K, 0% used [0x00000000f4780000,0x00000000f4780000,0x00000000f7200000)
 ParOldGen       total 148992K, used 75041K [0x00000000a0000000, 0x00000000a9180000, 0x00000000e0000000)
  object space 148992K, 50% used [0x00000000a0000000,0x00000000a49486d8,0x00000000a9180000)
 Metaspace       used 133405K, capacity 137822K, committed 137984K, reserved 1169408K
  class space    used 16928K, capacity 17892K, committed 17920K, reserved 1048576K
Event: 294.014 GC heap after
Heap after GC invocations=29 (full 4):
 PSYoungGen      total 378880K, used 27596K [0x00000000e0000000, 0x00000000fdb00000, 0x0000000100000000)
  eden space 335360K, 0% used [0x00000000e0000000,0x00000000e0000000,0x00000000f4780000)
  from space 43520K, 63% used [0x00000000f4780000,0x00000000f6273030,0x00000000f7200000)
  to   space 44032K, 0% used [0x00000000fb000000,0x00000000fb000000,0x00000000fdb00000)
 ParOldGen       total 148992K, used 75049K [0x00000000a0000000, 0x00000000a9180000, 0x00000000e0000000)
  object space 148992K, 50% used [0x00000000a0000000,0x00000000a494a6d8,0x00000000a9180000)
 Metaspace       used 133405K, capacity 137822K, committed 137984K, reserved 1169408K
  class space    used 16928K, capacity 17892K, committed 17920K, reserved 1048576K
}
Event: 295.705 GC heap before
{Heap before GC invocations=30 (full 4):
 PSYoungGen      total 378880K, used 362956K [0x00000000e0000000, 0x00000000fdb00000, 0x0000000100000000)
  eden space 335360K, 100% used [0x00000000e0000000,0x00000000f4780000,0x00000000f4780000)
  from space 43520K, 63% used [0x00000000f4780000,0x00000000f6273030,0x00000000f7200000)
  to   space 44032K, 0% used [0x00000000fb000000,0x00000000fb000000,0x00000000fdb00000)
 ParOldGen       total 148992K, used 75049K [0x00000000a0000000, 0x00000000a9180000, 0x00000000e0000000)
  object space 148992K, 50% used [0x00000000a0000000,0x00000000a494a6d8,0x00000000a9180000)
 Metaspace       used 133741K, capacity 138262K, committed 138368K, reserved 1169408K
  class space    used 16967K, capacity 17954K, committed 18048K, reserved 1048576K
Event: 295.894 GC heap after
Heap after GC invocations=30 (full 4):
 PSYoungGen      total 442880K, used 8340K [0x00000000e0000000, 0x00000000fdc00000, 0x0000000100000000)
  eden space 398848K, 0% used [0x00000000e0000000,0x00000000e0000000,0x00000000f8580000)
  from space 44032K, 18% used [0x00000000fb000000,0x00000000fb825050,0x00000000fdb00000)
  to   space 43520K, 0% used [0x00000000f8580000,0x00000000f8580000,0x00000000fb000000)
 ParOldGen       total 148992K, used 87606K [0x00000000a0000000, 0x00000000a9180000, 0x00000000e0000000)
  object space 148992K, 58% used [0x00000000a0000000,0x00000000a558d998,0x00000000a9180000)
 Metaspace       used 133741K, capacity 138262K, committed 138368K, reserved 1169408K
  class space    used 16967K, capacity 17954K, committed 18048K, reserved 1048576K
}
Event: 661.436 GC heap before
{Heap before GC invocations=31 (full 4):
 PSYoungGen      total 442880K, used 407188K [0x00000000e0000000, 0x00000000fdc00000, 0x0000000100000000)
  eden space 398848K, 100% used [0x00000000e0000000,0x00000000f8580000,0x00000000f8580000)
  from space 44032K, 18% used [0x00000000fb000000,0x00000000fb825050,0x00000000fdb00000)
  to   space 43520K, 0% used [0x00000000f8580000,0x00000000f8580000,0x00000000fb000000)
 ParOldGen       total 148992K, used 87606K [0x00000000a0000000, 0x00000000a9180000, 0x00000000e0000000)
  object space 148992K, 58% used [0x00000000a0000000,0x00000000a558d998,0x00000000a9180000)
 Metaspace       used 134535K, capacity 139218K, committed 139520K, reserved 1171456K
  class space    used 17046K, capacity 18066K, committed 18176K, reserved 1048576K

